0 info it worked if it ends with ok
1 verbose cli [ '/usr/local/bin/node',
1 verbose cli   '/usr/local/bin/npm',
1 verbose cli   'run-script',
1 verbose cli   'test' ]
2 info using npm@3.3.12
3 info using node@v5.3.0
4 verbose run-script [ 'pretest', 'test', 'posttest' ]
5 info lifecycle robert-yarborough@0.1.0~pretest: robert-yarborough@0.1.0
6 verbose lifecycle robert-yarborough@0.1.0~pretest: unsafe-perm in lifecycle true
7 verbose lifecycle robert-yarborough@0.1.0~pretest: PATH: /usr/local/lib/node_modules/npm/bin/node-gyp-bin:/Users/robert-yarborough/Projects/robert-yarborough/node_modules/.bin:/Users/robert-yarborough/.rbenv/bin:/usr/local/bin:/usr/bin:/bin:/usr/sbin:/sbin
8 verbose lifecycle robert-yarborough@0.1.0~pretest: CWD: /Users/robert-yarborough/Projects/robert-yarborough
9 silly lifecycle robert-yarborough@0.1.0~pretest: Args: [ '-c', 'npm install' ]
10 silly lifecycle robert-yarborough@0.1.0~pretest: Returned: code: 0  signal: null
11 info lifecycle robert-yarborough@0.1.0~test: robert-yarborough@0.1.0
12 verbose lifecycle robert-yarborough@0.1.0~test: unsafe-perm in lifecycle true
13 verbose lifecycle robert-yarborough@0.1.0~test: PATH: /usr/local/lib/node_modules/npm/bin/node-gyp-bin:/Users/robert-yarborough/Projects/robert-yarborough/node_modules/.bin:/Users/robert-yarborough/.rbenv/bin:/usr/local/bin:/usr/bin:/bin:/usr/sbin:/sbin
14 verbose lifecycle robert-yarborough@0.1.0~test: CWD: /Users/robert-yarborough/Projects/robert-yarborough
15 silly lifecycle robert-yarborough@0.1.0~test: Args: [ '-c', 'karma start karma.conf.js' ]
16 info lifecycle robert-yarborough@0.1.0~test: Failed to exec test script
17 verbose stack Error: robert-yarborough@0.1.0 test: `karma start karma.conf.js`
17 verbose stack spawn ENOENT
17 verbose stack     at ChildProcess.<anonymous> (/usr/local/lib/node_modules/npm/lib/utils/spawn.js:17:16)
17 verbose stack     at emitTwo (events.js:87:13)
17 verbose stack     at ChildProcess.emit (events.js:172:7)
17 verbose stack     at maybeClose (internal/child_process.js:818:16)
17 verbose stack     at Process.ChildProcess._handle.onexit (internal/child_process.js:211:5)
18 verbose pkgid robert-yarborough@0.1.0
19 verbose cwd /Users/robert-yarborough/Projects/robert-yarborough
20 error Darwin 15.0.0
21 error argv "/usr/local/bin/node" "/usr/local/bin/npm" "run-script" "test"
22 error node v5.3.0
23 error npm  v3.3.12
24 error file sh
25 error code ELIFECYCLE
26 error errno ENOENT
27 error syscall spawn
28 error robert-yarborough@0.1.0 test: `karma start karma.conf.js`
28 error spawn ENOENT
29 error Failed at the robert-yarborough@0.1.0 test script 'karma start karma.conf.js'.
29 error Make sure you have the latest version of node.js and npm installed.
29 error If you do, this is most likely a problem with the robert-yarborough package,
29 error not with npm itself.
29 error Tell the author that this fails on your system:
29 error     karma start karma.conf.js
29 error You can get their info via:
29 error     npm owner ls robert-yarborough
29 error There is likely additional logging output above.
30 verbose exit [ 1, true ]
